New log file opened at Tue Oct 09 16:58:56 CST 2018 by 29252@DESKTOP-00UHQEK
Taking next connection to: 54172
New client attempting to connect on port: 54173-54172
  Address = /192.168.82.15:54172
This client on port 54173 has uuid ad35ffae-1723-4bca-b439-13b9cbae9680 configName play-fork-run humanReadableName Play Fork Run protocolVersion 1 featureTags Vector()
Connected Clients: play-fork-run-ad35ffae-1723-4bca-b439-13b9cbae9680
Taking next connection to: 54172
Checking to see if clients are empty...
We have 1 non-daemon clients, continuing serving connections.
Taking next connection to: 54172
New client attempting to connect on port: 54492-54172
  Address = /192.168.82.15:54172
Handshake exception on socket: 54492
sbt.impl.ipc.HandshakeException: Unable to perform handshake
	at sbt.impl.ipc.Peer.handshake(IPC.scala:46)
	at sbt.impl.ipc.MultiClientServer.<init>(IPC.scala:150)
	at sbt.server.SbtServerSocketHandler$$anon$1.run(SbtServerSocketHandler.scala:43)
Caused by: java.net.SocketException: Software caused connection abort: recv failed
	at java.net.SocketInputStream.socketRead0(Native Method)
	at java.net.SocketInputStream.socketRead(Unknown Source)
	at java.net.SocketInputStream.read(Unknown Source)
	at java.net.SocketInputStream.read(Unknown Source)
	at java.io.BufferedInputStream.fill(Unknown Source)
	at java.io.BufferedInputStream.read(Unknown Source)
	at java.io.DataInputStream.readInt(Unknown Source)
	at sbt.impl.ipc.Peer.receive(IPC.scala:95)
	at sbt.impl.ipc.Peer.handshake(IPC.scala:49)
	... 2 more
Taking next connection to: 54172
New client attempting to connect on port: 54493-54172
  Address = /192.168.82.15:54172
This client on port 54493 has uuid a7059ded-afa0-40c9-bb1c-1a43b4f3feec configName play-fork-run humanReadableName Play Fork Run protocolVersion 1 featureTags Vector()
Connected Clients: play-fork-run-a7059ded-afa0-40c9-bb1c-1a43b4f3feec
Taking next connection to: 54172
Checking to see if clients are empty...
No non-daemon clients connected after 3 min. Shutting down.
Server socket thread exiting.
0 clients open, will close them...
All client sockets have been closed.
Closing the 29252@DESKTOP-00UHQEK logs at Tue Oct 09 17:05:34 CST 2018, goodbye.
